<?xml version="1.0" encoding="UTF-8"?>
<robot generator="Robot 3.2.2 (Python 3.9.1 on win32)" generated="20210209 16:58:55.561" rpa="false">
<suite id="s1" name="Login" source="C:\RobotFramework\Scripts\RFW\parodify\login.robot">
<test id="s1-t1" name="Login com sucesso">
<kw name="Open Browser" library="Browser">
<tags>
<tag>BrowserControl</tag>
<tag>Setter</tag>
</tags>
<doc>Opens a new browser instance. Use this keyword for quick experiments or debugging sessions.
Use `New Page` directly instead of `Open Browser` for production and automated execution.
See `Browser, Context and Page` for more information about Browser and related concepts.</doc>
<arguments>
<arg>https://parodify.herokuapp.com/users/sign_in</arg>
<arg>chromium</arg>
</arguments>
<msg timestamp="20210209 17:02:27.936" level="WARN">Open Browser is for quick experimentation and debugging only. Use New Page for production.</msg>
<msg timestamp="20210209 17:02:27.937" level="INFO">{"browser": "chromium", "headless": false, "handleSIGINT": true, "handleSIGTERM": true, "handleSIGHUP": true, "timeout": 30000.0, "devtools": false, "slowMo": 0.0}</msg>
<msg timestamp="20210209 17:02:27.942" level="INFO">Starting Browser process c:\python39\lib\site-packages\Browser\wrapper\index.js using port 57491</msg>
<msg timestamp="20210209 17:04:15.932" level="FAIL">Could not connect to the playwright process at port 57491.</msg>
<status status="FAIL" starttime="20210209 17:02:27.934" endtime="20210209 17:04:15.932"></status>
</kw>
<status status="FAIL" starttime="20210209 17:00:41.790" endtime="20210209 17:04:15.933" critical="yes">Could not connect to the playwright process at port 57491.</status>
</test>
<doc>Testes da página login</doc>
<status status="FAIL" starttime="20210209 16:58:55.572" endtime="20210209 17:04:15.936"></status>
</suite>
<statistics>
<total>
<stat pass="0" fail="1">Critical Tests</stat>
<stat pass="0" fail="1">All Tests</stat>
</total>
<tag>
</tag>
<suite>
<stat pass="0" fail="1" id="s1" name="Login">Login</stat>
</suite>
</statistics>
<errors>
<msg timestamp="20210209 17:00:41.788" level="ERROR">Calling method '_start_suite' of listener 'Browser' failed: Could not connect to the playwright process at port 59668.</msg>
<msg timestamp="20210209 17:02:27.928" level="ERROR">Calling method '_start_test' of listener 'Browser' failed: Could not connect to the playwright process at port 61636.</msg>
<msg timestamp="20210209 17:02:27.936" level="WARN">Open Browser is for quick experimentation and debugging only. Use New Page for production.</msg>
<msg timestamp="20210210 06:49:01.508" level="ERROR">Error in library 'Browser': Calling method '_close' of listener 'Browser' failed: Could not connect to the playwright process at port 57759.</msg>
</errors>
</robot>
