<?xml version="1.0" encoding="UTF-8"?>
<robot generator="Robot 3.2.2 (Python 3.8.5 on win32)" generated="20201006 17:48:00.692" rpa="false">
<suite id="s1" name="TestSitePractice" source="C:\RobotFramework\Scripts\SuiteSiteTestePractice\tests\TestSitePractice.robot">
<test id="s1-t1" name="Caso de Teste 01: Pesquisar produto existente">
<kw name="Abrir navegador" library="Resource" type="setup">
<kw name="Open Browser" library="SeleniumLibrary">
<doc>Opens a new browser instance to the optional ``url``.</doc>
<arguments>
<arg>about:blank</arg>
<arg>${BROWSER}</arg>
</arguments>
<msg timestamp="20201006 17:48:01.130" level="INFO">Opening browser 'chrome' to base url 'about:blank'.</msg>
<status status="PASS" starttime="20201006 17:48:01.129" endtime="20201006 17:48:04.881"></status>
</kw>
<status status="PASS" starttime="20201006 17:48:01.129" endtime="20201006 17:48:04.881"></status>
</kw>
<kw name="Acessar página home do site" library="Resource">
<kw name="Go To" library="SeleniumLibrary">
<doc>Navigates the current browser window to the provided ``url``.</doc>
<arguments>
<arg>http://automationpractice.com</arg>
</arguments>
<msg timestamp="20201006 17:48:04.883" level="INFO">Opening url 'http://automationpractice.com'</msg>
<status status="PASS" starttime="20201006 17:48:04.883" endtime="20201006 17:48:09.545"></status>
</kw>
<kw name="Title Should Be" library="SeleniumLibrary">
<doc>Verifies that the current page title equals ``title``.</doc>
<arguments>
<arg>My Store</arg>
</arguments>
<msg timestamp="20201006 17:48:09.558" level="INFO">Page title is 'My Store'.</msg>
<status status="PASS" starttime="20201006 17:48:09.545" endtime="20201006 17:48:09.559"></status>
</kw>
<status status="PASS" starttime="20201006 17:48:04.882" endtime="20201006 17:48:09.559"></status>
</kw>
<kw name="Digitar o nome do produto &quot;Blouse&quot; no campo de pesquisa" library="Resource">
<kw name="Input Text" library="SeleniumLibrary">
<doc>Types the given ``text`` into the text field identified by ``locator``.</doc>
<arguments>
<arg>name=search_query</arg>
<arg>${PRODUTO}</arg>
</arguments>
<msg timestamp="20201006 17:48:09.561" level="INFO">Typing text 'Blouse' into text field 'name=search_query'.</msg>
<status status="PASS" starttime="20201006 17:48:09.561" endtime="20201006 17:48:09.975"></status>
</kw>
<status status="PASS" starttime="20201006 17:48:09.560" endtime="20201006 17:48:09.976"></status>
</kw>
<kw name="Clicar no botão pesquisar" library="Resource">
<kw name="Click Element" library="SeleniumLibrary">
<doc>Click the element identified by ``locator``.</doc>
<arguments>
<arg>name=submit_search</arg>
</arguments>
<msg timestamp="20201006 17:48:09.981" level="INFO">Clicking element 'name=submit_search'.</msg>
<status status="PASS" starttime="20201006 17:48:09.980" endtime="20201006 17:48:11.929"></status>
</kw>
<status status="PASS" starttime="20201006 17:48:09.979" endtime="20201006 17:48:11.930"></status>
</kw>
<kw name="Fechar navegador" library="Resource" type="teardown">
<kw name="Close Browser" library="SeleniumLibrary">
<doc>Closes the current browser.</doc>
<status status="PASS" starttime="20201006 17:48:11.933" endtime="20201006 17:48:14.447"></status>
</kw>
<status status="PASS" starttime="20201006 17:48:11.932" endtime="20201006 17:48:14.447"></status>
</kw>
<status status="PASS" starttime="20201006 17:48:01.128" endtime="20201006 17:48:14.448" critical="yes"></status>
</test>
<status status="PASS" starttime="20201006 17:48:00.698" endtime="20201006 17:48:14.452"></status>
</suite>
<statistics>
<total>
<stat pass="1" fail="0">Critical Tests</stat>
<stat pass="1" fail="0">All Tests</stat>
</total>
<tag>
</tag>
<suite>
<stat pass="1" fail="0" id="s1" name="TestSitePractice">TestSitePractice</stat>
</suite>
</statistics>
<errors>
</errors>
</robot>
