<?xml version="1.0" encoding="UTF-8"?>
<robot generator="Robot 3.2.2 (Python 3.8.5 on win32)" generated="20210106 08:55:49.404" rpa="false">
<suite id="s1" name="Test" source="C:\RobotFramework\Scripts\QaNinja\Robot\test.robot">
<test id="s1-t1" name="Deve retornar mensagem de boas vindas">
<kw name="Welcome" library="app">
<arguments>
<arg>Gabriel</arg>
</arguments>
<assign>
<var>${result}</var>
</assign>
<msg timestamp="20210106 08:55:49.468" level="INFO">${result} = Olá Gabriel, Bem vindo ao Curso básico de Robot Framework!</msg>
<status status="PASS" starttime="20210106 08:55:49.468" endtime="20210106 08:55:49.468"></status>
</kw>
<kw name="Should Be Equal" library="BuiltIn">
<doc>Fails if the given objects are unequal.</doc>
<arguments>
<arg>${result}</arg>
<arg>Olá Gabriel, Bem vindo ao Curso básico de Robot Framework!</arg>
</arguments>
<status status="PASS" starttime="20210106 08:55:49.469" endtime="20210106 08:55:49.470"></status>
</kw>
<status status="PASS" starttime="20210106 08:55:49.466" endtime="20210106 08:55:49.471" critical="yes"></status>
</test>
<status status="PASS" starttime="20210106 08:55:49.410" endtime="20210106 08:55:49.473"></status>
</suite>
<statistics>
<total>
<stat pass="1" fail="0">Critical Tests</stat>
<stat pass="1" fail="0">All Tests</stat>
</total>
<tag>
</tag>
<suite>
<stat pass="1" fail="0" id="s1" name="Test">Test</stat>
</suite>
</statistics>
<errors>
</errors>
</robot>
